<?xml version="1.0" encoding="UTF-8"?>
<!-- Generated by org.testng.reporters.JUnitReportReporter -->
<testsuite skipped="0" hostname="DESKTOP-FDPJCTL" name="runner.CucumberRunnerTest" tests="1" failures="0" timestamp="06 Nov 2022 19:06:46 GMT" time="34.020" errors="0">
  <testcase name="runScenario" time="34.020" classname="runner.CucumberRunnerTest"/>
</testsuite> <!-- runner.CucumberRunnerTest -->
